<?xml version="1.0" encoding="UTF-8"?>
<!-- Generated by org.testng.reporters.JUnitXMLReporter -->
<testsuite ignored="0" hostname="DESKTOP-E7CUST6" failures="1" tests="2" name="Test" time="7.138" errors="0" timestamp="2025-11-22T13:25:35 IST">
  <testcase classname="testCases.FacebookPage" name="TC1" time="3.635"/>
  <testcase classname="testCases.Facebook2" name="TC2" time="3.408">
    <failure type="java.lang.AssertionError" message="null">
      <![CDATA[java.lang.AssertionError: null
at testCases.Facebook2.TC2(Facebook2.java:16)
at java.base/java.util.ArrayList.forEach(ArrayList.java:1596)
... Removed 27 stack frames]]>
    </failure>
  </testcase> <!-- TC2 -->
</testsuite> <!-- Test -->
