<?xml version="1.0" encoding="UTF-8"?>
<!-- Generated by org.testng.reporters.JUnitXMLReporter -->
<testsuite ignored="0" hostname="DESKTOP-E7CUST6" failures="1" tests="3" name="Test" time="12.761" errors="0" timestamp="2025-11-23T13:59:10 IST">
  <testcase classname="testCases.ListenerTest1" name="login" time="12.197">
    <failure type="java.lang.AssertionError" message="expected [Invalid dredentials] but found [Invalid credentials]">
      <![CDATA[java.lang.AssertionError: expected [Invalid dredentials] but found [Invalid credentials]
at testCases.ListenerTest1.login(ListenerTest1.java:59)
at java.base/java.util.ArrayList.forEach(ArrayList.java:1596)
... Removed 35 stack frames]]>
    </failure>
  </testcase> <!-- login -->
  <testcase classname="testCases.ListenerTest1" name="homepage" time="0.0">
    <skipped/>
  </testcase> <!-- homepage -->
  <testcase classname="testCases.ListenerTest1" name="profile" time="0.005"/>
</testsuite> <!-- Test -->
