<?xml version="1.0" encoding="UTF-8"?>
<testng-results ignored="0" total="1" passed="1" failed="0" skipped="0">
  <reporter-output>
  </reporter-output>
  <suite started-at="2025-11-17T18:15:58 IST" name="Suite" finished-at="2025-11-17T18:16:02 IST" duration-ms="3743">
    <groups>
    </groups>
    <test started-at="2025-11-17T18:15:58 IST" name="Test" finished-at="2025-11-17T18:16:02 IST" duration-ms="3743">
      <class name="testCases.FacebookPage">
        <test-method signature="TC1()[pri:0, instance:testCases.FacebookPage@50b472aa]" started-at="2025-11-17T18:15:58 IST" name="TC1" finished-at="2025-11-17T18:16:02 IST" duration-ms="3658" status="PASS">
          <reporter-output>
          </reporter-output>
        </test-method> <!-- TC1 -->
      </class> <!-- testCases.FacebookPage -->
    </test> <!-- Test -->
  </suite> <!-- Suite -->
</testng-results>
