<?xml version="1.0" encoding="UTF-8"?>
<testng-results ignored="0" total="1" passed="1" failed="0" skipped="0">
  <reporter-output>
  </reporter-output>
  <suite started-at="2025-11-11T22:45:27 IST" name="Suite" finished-at="2025-11-11T22:45:33 IST" duration-ms="6027">
    <groups>
    </groups>
    <test started-at="2025-11-11T22:45:27 IST" name="Test" finished-at="2025-11-11T22:45:33 IST" duration-ms="6027">
      <class name="testCases.FacebookPage">
        <test-method signature="TC1()[pri:0, instance:testCases.FacebookPage@2a65fe7c]" started-at="2025-11-11T22:45:27 IST" name="TC1" finished-at="2025-11-11T22:45:33 IST" duration-ms="5956" status="PASS">
          <reporter-output>
          </reporter-output>
        </test-method> <!-- TC1 -->
      </class> <!-- testCases.FacebookPage -->
    </test> <!-- Test -->
  </suite> <!-- Suite -->
</testng-results>
